2021-05-29 22:13:09,298 INFO  [log] No Vaccine Available e0858aec-406a-4b26-be75-285921a27e61
2021-05-29 22:13:09,387 INFO  [log] projectFile--Vaccine-readyapi-project.xml
2021-05-29 22:32:09,123 INFO  [log] No Vaccine Available a67f2f19-5221-44ba-8578-3641fef0abce
2021-05-29 22:32:09,214 INFO  [log] projectFile--Vaccine-readyapi-project.xml
2021-05-29 22:50:55,366 INFO  [log] No Vaccine Available e48e5f32-18ec-4fd9-beee-b06644246fa9
2021-05-29 22:50:55,452 INFO  [log] projectFile--Vaccine-readyapi-project.xml
2021-05-29 22:51:09,927 INFO  [log] No Vaccine Available d9d85097-e07f-4bf3-8d60-ba2192fb7329
2021-05-29 22:51:10,026 INFO  [log] projectFile--Vaccine-readyapi-project.xml
2021-05-29 22:52:09,130 INFO  [log] No Vaccine Available 871830bc-ad21-4519-825a-51d23bf38ca7
2021-05-29 22:52:09,214 INFO  [log] projectFile--Vaccine-readyapi-project.xml
2021-05-29 22:53:09,081 INFO  [log] No Vaccine Available b8215f38-1d4f-4a8d-af67-f1287fbd3f31
2021-05-29 22:53:09,175 INFO  [log] projectFile--Vaccine-readyapi-project.xml
2021-05-29 22:54:09,967 INFO  [log] No Vaccine Available 0fa4f1d3-3dcb-4734-9439-6575faf7f0a1
2021-05-29 22:54:10,064 INFO  [log] projectFile--Vaccine-readyapi-project.xml
2021-05-29 22:55:09,080 INFO  [log] No Vaccine Available a6def69b-7368-4166-9fdf-118ea798e5df
2021-05-29 22:55:09,176 INFO  [log] projectFile--Vaccine-readyapi-project.xml
2021-05-29 22:56:10,072 INFO  [log] No Vaccine Available ea451a55-dd8d-493f-952d-953c78f29d7d
2021-05-29 22:56:10,175 INFO  [log] projectFile--Vaccine-readyapi-project.xml
2021-05-29 22:57:09,138 INFO  [log] No Vaccine Available 2b5bfff4-8683-4b93-89ac-a131d3df762c
2021-05-29 22:57:09,224 INFO  [log] projectFile--Vaccine-readyapi-project.xml
2021-05-29 22:58:09,100 INFO  [log] No Vaccine Available 5996ace5-963a-41b1-9948-38d32e3b0684
2021-05-29 22:58:09,194 INFO  [log] projectFile--Vaccine-readyapi-project.xml
2021-05-29 22:59:09,174 INFO  [log] No Vaccine Available 99ba96d5-c623-4a14-a637-280f5775cc64
2021-05-29 22:59:09,269 INFO  [log] projectFile--Vaccine-readyapi-project.xml
2021-05-29 23:00:09,333 INFO  [log] No Vaccine Available 4cc38888-6d87-4477-9379-c1753dc57d30
2021-05-29 23:00:09,433 INFO  [log] projectFile--Vaccine-readyapi-project.xml
2021-05-29 23:01:10,007 INFO  [log] No Vaccine Available 0993d04f-dbd0-4ce2-9c6d-4f5ea83056a1
2021-05-29 23:01:10,100 INFO  [log] projectFile--Vaccine-readyapi-project.xml
2021-05-29 23:02:08,778 INFO  [log] No Vaccine Available 5e1f2b7d-a3c3-46fb-b5f1-b14764891670
2021-05-29 23:02:08,878 INFO  [log] projectFile--Vaccine-readyapi-project.xml
2021-05-29 23:03:09,265 INFO  [log] No Vaccine Available 489cbb84-320d-4675-8526-9049eacfb400
2021-05-29 23:03:09,342 INFO  [log] projectFile--Vaccine-readyapi-project.xml
2021-05-29 23:04:09,346 INFO  [log] No Vaccine Available f8ad64b0-2805-412c-affe-fc2bb406e537
2021-05-29 23:04:09,425 INFO  [log] projectFile--Vaccine-readyapi-project.xml
2021-05-29 23:05:10,090 INFO  [log] No Vaccine Available f7434bf4-0c61-499f-b9ac-6c933cedbd6a
2021-05-29 23:05:10,185 INFO  [log] projectFile--Vaccine-readyapi-project.xml
2021-05-29 23:06:09,451 INFO  [log] No Vaccine Available a4a7d8d3-c304-4cb4-9a3a-3b3d1f107578
2021-05-29 23:06:09,530 INFO  [log] projectFile--Vaccine-readyapi-project.xml
2021-05-29 23:07:09,239 INFO  [log] No Vaccine Available da0bcef9-c7fa-4703-b008-7a5313a311ae
2021-05-29 23:07:09,330 INFO  [log] projectFile--Vaccine-readyapi-project.xml
2021-05-29 23:08:09,572 INFO  [log] No Vaccine Available b1414b6a-5a42-4ba6-87f4-56353476d93a
2021-05-29 23:08:09,669 INFO  [log] projectFile--Vaccine-readyapi-project.xml
2021-05-29 23:09:13,923 INFO  [log] No Vaccine Available 1d63da22-1375-4b30-bd9c-e5a658392884
2021-05-29 23:09:14,089 INFO  [log] projectFile--Vaccine-readyapi-project.xml
2021-05-29 23:10:11,249 INFO  [log] No Vaccine Available d09e81dd-c726-444d-afab-801e422a1c22
2021-05-29 23:10:11,353 INFO  [log] projectFile--Vaccine-readyapi-project.xml
2021-05-29 23:11:12,947 INFO  [log] No Vaccine Available faefbfb4-effe-4036-b4d8-e649542a8a78
2021-05-29 23:11:13,080 INFO  [log] projectFile--Vaccine-readyapi-project.xml
2021-05-30 00:13:13,375 INFO  [log] No Vaccine Available 2977f43b-fc63-4102-8c4c-4f86730daa20
2021-05-30 00:13:13,519 INFO  [log] projectFile--Vaccine-readyapi-project.xml
2021-05-30 00:14:12,581 INFO  [log] No Vaccine Available 33ca1a69-45b9-4b8a-b6d6-8f8201a2e1c5
2021-05-30 00:14:12,730 INFO  [log] projectFile--Vaccine-readyapi-project.xml
2021-05-30 00:15:12,898 INFO  [log] No Vaccine Available f82c6dff-8fb3-45e4-8dc6-7f76b81f8473
2021-05-30 00:15:13,054 INFO  [log] projectFile--Vaccine-readyapi-project.xml
2021-05-30 00:16:12,095 INFO  [log] No Vaccine Available 6153e485-1311-4f22-b00e-36145031d51a
2021-05-30 00:16:12,245 INFO  [log] projectFile--Vaccine-readyapi-project.xml
2021-05-30 00:17:12,828 INFO  [log] No Vaccine Available 483b875d-92e6-4f5b-ad96-f591e5497b61
2021-05-30 00:17:12,980 INFO  [log] projectFile--Vaccine-readyapi-project.xml
2021-05-30 00:18:12,579 INFO  [log] No Vaccine Available f8050e06-81b6-43e8-8c80-be25b2d22d2e
2021-05-30 00:18:12,732 INFO  [log] projectFile--Vaccine-readyapi-project.xml
2021-05-30 00:19:13,187 INFO  [log] No Vaccine Available c141cecc-0bcb-490f-a845-88e9dc8833c2
2021-05-30 00:19:13,351 INFO  [log] projectFile--Vaccine-readyapi-project.xml
2021-05-30 00:20:12,809 INFO  [log] No Vaccine Available 39d4d1e1-9490-49fe-b369-796346c100b2
2021-05-30 00:20:12,969 INFO  [log] projectFile--Vaccine-readyapi-project.xml
2021-05-30 00:21:12,906 INFO  [log] No Vaccine Available 8a0c184c-fa6b-4571-880a-294fb0bf3f80
2021-05-30 00:21:13,067 INFO  [log] projectFile--Vaccine-readyapi-project.xml
2021-05-30 00:22:12,177 INFO  [log] No Vaccine Available 668baf5e-48ca-41d1-986e-75ad6fdc1608
2021-05-30 00:22:12,326 INFO  [log] projectFile--Vaccine-readyapi-project.xml
2021-05-30 00:23:13,089 INFO  [log] No Vaccine Available 22f1a857-0943-430e-9a50-4b7d66fbea96
2021-05-30 00:23:13,232 INFO  [log] projectFile--Vaccine-readyapi-project.xml
2021-05-30 00:24:14,106 INFO  [log] No Vaccine Available 09c69cb6-f388-409e-8ea4-7e30ca5c0240
2021-05-30 00:24:14,269 INFO  [log] projectFile--Vaccine-readyapi-project.xml
2021-05-30 00:25:11,664 INFO  [log] No Vaccine Available 09ea052d-d869-4fb1-876a-d04498a3b639
2021-05-30 00:25:11,752 INFO  [log] projectFile--Vaccine-readyapi-project.xml
2021-05-30 00:26:12,203 INFO  [log] No Vaccine Available a2df05c2-322b-4677-bf0a-a504ecf52084
2021-05-30 00:26:12,354 INFO  [log] projectFile--Vaccine-readyapi-project.xml
2021-05-30 00:27:12,058 INFO  [log] No Vaccine Available 869275c9-4e4c-4a5a-9004-d0adb2cc076d
2021-05-30 00:27:12,176 INFO  [log] projectFile--Vaccine-readyapi-project.xml
2021-05-30 00:28:12,430 INFO  [log] No Vaccine Available 41887727-39f9-4cdc-ad6f-57ce3a0f1de1
2021-05-30 00:28:12,570 INFO  [log] projectFile--Vaccine-readyapi-project.xml
2021-05-30 00:29:12,549 INFO  [log] No Vaccine Available 65b1cca8-13ca-40d1-a957-725afb48ef30
2021-05-30 00:29:12,699 INFO  [log] projectFile--Vaccine-readyapi-project.xml
2021-05-30 00:30:13,228 INFO  [log] No Vaccine Available 24dfbb3b-269a-4b46-817e-813a961e61cc
2021-05-30 00:30:13,377 INFO  [log] projectFile--Vaccine-readyapi-project.xml
2021-05-30 00:31:14,163 INFO  [log] No Vaccine Available de109926-4979-4b70-a02e-66c4622b2e4c
2021-05-30 00:31:14,310 INFO  [log] projectFile--Vaccine-readyapi-project.xml
